

*******************************************************************************
Wed Jan 19 14:54:25 2022


FIT:    data read from "71kfidT1_merge.txt" u 2:((2540.66407832592-$3)/2540.66407832592)
        format = x:z
        x range restricted to [0.00200000 : 0.0500000]
        #datapoints = 7
        residuals are weighted equally (unit weight)

function used for fitting: f(x)
	f(x) = A*exp(-x/B)
fitted parameters initialized with current variable values

iter      chisq       delta/lim  lambda   A             B            
   0 1.0325873058e-02   0.00e+00  6.05e-01    1.000000e+00   1.000000e-01
   4 2.9540136522e-03  -7.24e-01  6.05e-05    9.470170e-01   1.159634e-01

After 4 iterations the fit converged.
final sum of squares of residuals : 0.00295401
rel. change during last iteration : -7.23535e-06

degrees of freedom    (FIT_NDF)                        : 5
rms of residuals      (FIT_STDFIT) = sqrt(WSSR/ndf)    : 0.0243064
variance of residuals (reduced chisquare) = WSSR/ndf   : 0.000590803

Final set of parameters            Asymptotic Standard Error
=======================            ==========================
A               = 0.947017         +/- 0.0152       (1.605%)
B               = 0.115963         +/- 0.009655     (8.326%)

correlation matrix of the fit parameters:
                A      B      
A               1.000 
B              -0.707  1.000 


*******************************************************************************
Wed Jan 19 14:54:25 2022


FIT:    data read from "71kfidT1_merge.txt" u 2:((2540.66407832592-$3)/2540.66407832592)
        format = x:z
        #datapoints = 22
        residuals are weighted equally (unit weight)

function used for fitting: h(x)
	h(x) = E*exp(-(x/F)**G)
fitted parameters initialized with current variable values

iter      chisq       delta/lim  lambda   E             F             G            
   0 2.7539118468e+00   0.00e+00  1.46e-01    1.000000e+00   1.000000e-02   5.000000e-01
  72 2.8241990721e-02  -9.60e-01  1.46e-06    1.193962e+00   2.705120e-01   3.111264e-01

After 72 iterations the fit converged.
final sum of squares of residuals : 0.028242
rel. change during last iteration : -9.59664e-06

degrees of freedom    (FIT_NDF)                        : 19
rms of residuals      (FIT_STDFIT) = sqrt(WSSR/ndf)    : 0.0385541
variance of residuals (reduced chisquare) = WSSR/ndf   : 0.00148642

Final set of parameters            Asymptotic Standard Error
=======================            ==========================
E               = 1.19396          +/- 0.09819      (8.224%)
F               = 0.270512         +/- 0.09056      (33.48%)
G               = 0.311126         +/- 0.0363       (11.67%)

correlation matrix of the fit parameters:
                E      F      G      
E               1.000 
F              -0.972  1.000 
G              -0.942  0.914  1.000 


*******************************************************************************
Wed Jan 19 14:54:32 2022


FIT:    data read from "71kfidT1_merge.txt" u 2:((2540.66407832592-$3)/2540.66407832592)
        format = x:z
        x range restricted to [0.00200000 : 0.0500000]
        #datapoints = 7
        residuals are weighted equally (unit weight)

function used for fitting: f(x)
	f(x) = A*exp(-x/B)
fitted parameters initialized with current variable values

iter      chisq       delta/lim  lambda   A             B            
   0 1.0325873058e-02   0.00e+00  6.05e-01    1.000000e+00   1.000000e-01
   4 2.9540136522e-03  -7.24e-01  6.05e-05    9.470170e-01   1.159634e-01

After 4 iterations the fit converged.
final sum of squares of residuals : 0.00295401
rel. change during last iteration : -7.23535e-06

degrees of freedom    (FIT_NDF)                        : 5
rms of residuals      (FIT_STDFIT) = sqrt(WSSR/ndf)    : 0.0243064
variance of residuals (reduced chisquare) = WSSR/ndf   : 0.000590803

Final set of parameters            Asymptotic Standard Error
=======================            ==========================
A               = 0.947017         +/- 0.0152       (1.605%)
B               = 0.115963         +/- 0.009655     (8.326%)

correlation matrix of the fit parameters:
                A      B      
A               1.000 
B              -0.707  1.000 


*******************************************************************************
Wed Jan 19 14:54:34 2022


FIT:    data read from "71kfidT1_merge.txt" u 2:((2540.66407832592-$3)/2540.66407832592)
        format = x:z
        #datapoints = 22
        residuals are weighted equally (unit weight)

function used for fitting: h(x)
	h(x) = E*exp(-(x/F)**G)
fitted parameters initialized with current variable values

iter      chisq       delta/lim  lambda   E             F             G            
   0 2.7539118468e+00   0.00e+00  1.46e-01    1.000000e+00   1.000000e-02   5.000000e-01
  72 2.8241990721e-02  -9.60e-01  1.46e-06    1.193962e+00   2.705120e-01   3.111264e-01

After 72 iterations the fit converged.
final sum of squares of residuals : 0.028242
rel. change during last iteration : -9.59664e-06

degrees of freedom    (FIT_NDF)                        : 19
rms of residuals      (FIT_STDFIT) = sqrt(WSSR/ndf)    : 0.0385541
variance of residuals (reduced chisquare) = WSSR/ndf   : 0.00148642

Final set of parameters            Asymptotic Standard Error
=======================            ==========================
E               = 1.19396          +/- 0.09819      (8.224%)
F               = 0.270512         +/- 0.09056      (33.48%)
G               = 0.311126         +/- 0.0363       (11.67%)

correlation matrix of the fit parameters:
                E      F      G      
E               1.000 
F              -0.972  1.000 
G              -0.942  0.914  1.000 


*******************************************************************************
Wed Jan 19 14:55:00 2022


FIT:    data read from "71kfidT1_merge.txt" u 2:((2540.66407832592-$3)/2540.66407832592)
        format = x:z
        x range restricted to [0.00200000 : 0.0500000]
        #datapoints = 7
        residuals are weighted equally (unit weight)

function used for fitting: f(x)
	f(x) = A*exp(-x/B)
fitted parameters initialized with current variable values

iter      chisq       delta/lim  lambda   A             B            
   0 1.0325873058e-02   0.00e+00  6.05e-01    1.000000e+00   1.000000e-01
   4 2.9540136522e-03  -7.24e-01  6.05e-05    9.470170e-01   1.159634e-01

After 4 iterations the fit converged.
final sum of squares of residuals : 0.00295401
rel. change during last iteration : -7.23535e-06

degrees of freedom    (FIT_NDF)                        : 5
rms of residuals      (FIT_STDFIT) = sqrt(WSSR/ndf)    : 0.0243064
variance of residuals (reduced chisquare) = WSSR/ndf   : 0.000590803

Final set of parameters            Asymptotic Standard Error
=======================            ==========================
A               = 0.947017         +/- 0.0152       (1.605%)
B               = 0.115963         +/- 0.009655     (8.326%)

correlation matrix of the fit parameters:
                A      B      
A               1.000 
B              -0.707  1.000 


*******************************************************************************
Wed Jan 19 14:55:00 2022


FIT:    data read from "71kfidT1_merge.txt" u 2:((2540.66407832592-$3)/2540.66407832592)
        format = x:z
        #datapoints = 22
        residuals are weighted equally (unit weight)

function used for fitting: h(x)
	h(x) = E*exp(-(x/F)**G)
fitted parameters initialized with current variable values

iter      chisq       delta/lim  lambda   E             F             G            
   0 2.7539118468e+00   0.00e+00  1.46e-01    1.000000e+00   1.000000e-02   5.000000e-01
  72 2.8241990721e-02  -9.60e-01  1.46e-06    1.193962e+00   2.705120e-01   3.111264e-01

After 72 iterations the fit converged.
final sum of squares of residuals : 0.028242
rel. change during last iteration : -9.59664e-06

degrees of freedom    (FIT_NDF)                        : 19
rms of residuals      (FIT_STDFIT) = sqrt(WSSR/ndf)    : 0.0385541
variance of residuals (reduced chisquare) = WSSR/ndf   : 0.00148642

Final set of parameters            Asymptotic Standard Error
=======================            ==========================
E               = 1.19396          +/- 0.09819      (8.224%)
F               = 0.270512         +/- 0.09056      (33.48%)
G               = 0.311126         +/- 0.0363       (11.67%)

correlation matrix of the fit parameters:
                E      F      G      
E               1.000 
F              -0.972  1.000 
G              -0.942  0.914  1.000 


*******************************************************************************
Wed Jan 19 14:55:17 2022


FIT:    data read from "71kfidT1_merge.txt" u 2:((2540.66407832592-$3)/2540.66407832592)
        format = x:z
        x range restricted to [0.00200000 : 0.0500000]
        #datapoints = 7
        residuals are weighted equally (unit weight)

function used for fitting: f(x)
	f(x) = A*exp(-x/B)
fitted parameters initialized with current variable values

iter      chisq       delta/lim  lambda   A             B            
   0 1.0325873058e-02   0.00e+00  6.05e-01    1.000000e+00   1.000000e-01
   4 2.9540136522e-03  -7.24e-01  6.05e-05    9.470170e-01   1.159634e-01

After 4 iterations the fit converged.
final sum of squares of residuals : 0.00295401
rel. change during last iteration : -7.23535e-06

degrees of freedom    (FIT_NDF)                        : 5
rms of residuals      (FIT_STDFIT) = sqrt(WSSR/ndf)    : 0.0243064
variance of residuals (reduced chisquare) = WSSR/ndf   : 0.000590803

Final set of parameters            Asymptotic Standard Error
=======================            ==========================
A               = 0.947017         +/- 0.0152       (1.605%)
B               = 0.115963         +/- 0.009655     (8.326%)

correlation matrix of the fit parameters:
                A      B      
A               1.000 
B              -0.707  1.000 


*******************************************************************************
Wed Jan 19 14:55:17 2022


FIT:    data read from "71kfidT1_merge.txt" u 2:((2540.66407832592-$3)/2540.66407832592)
        format = x:z
        #datapoints = 22
        residuals are weighted equally (unit weight)

function used for fitting: h(x)
	h(x) = E*exp(-(x/F)**G)
fitted parameters initialized with current variable values

iter      chisq       delta/lim  lambda   E             F             G            
   0 2.7539118468e+00   0.00e+00  1.46e-01    1.000000e+00   1.000000e-02   5.000000e-01
  72 2.8241990721e-02  -9.60e-01  1.46e-06    1.193962e+00   2.705120e-01   3.111264e-01

After 72 iterations the fit converged.
final sum of squares of residuals : 0.028242
rel. change during last iteration : -9.59664e-06

degrees of freedom    (FIT_NDF)                        : 19
rms of residuals      (FIT_STDFIT) = sqrt(WSSR/ndf)    : 0.0385541
variance of residuals (reduced chisquare) = WSSR/ndf   : 0.00148642

Final set of parameters            Asymptotic Standard Error
=======================            ==========================
E               = 1.19396          +/- 0.09819      (8.224%)
F               = 0.270512         +/- 0.09056      (33.48%)
G               = 0.311126         +/- 0.0363       (11.67%)

correlation matrix of the fit parameters:
                E      F      G      
E               1.000 
F              -0.972  1.000 
G              -0.942  0.914  1.000 


*******************************************************************************
Wed Jan 19 14:55:31 2022


FIT:    data read from "71kfidT1_merge.txt" u 2:((2540.66407832592-$3)/2540.66407832592)
        format = x:z
        x range restricted to [0.00200000 : 0.0500000]
        #datapoints = 7
        residuals are weighted equally (unit weight)

function used for fitting: f(x)
	f(x) = A*exp(-x/B)
fitted parameters initialized with current variable values

iter      chisq       delta/lim  lambda   A             B            
   0 1.0325873058e-02   0.00e+00  6.05e-01    1.000000e+00   1.000000e-01
   4 2.9540136522e-03  -7.24e-01  6.05e-05    9.470170e-01   1.159634e-01

After 4 iterations the fit converged.
final sum of squares of residuals : 0.00295401
rel. change during last iteration : -7.23535e-06

degrees of freedom    (FIT_NDF)                        : 5
rms of residuals      (FIT_STDFIT) = sqrt(WSSR/ndf)    : 0.0243064
variance of residuals (reduced chisquare) = WSSR/ndf   : 0.000590803

Final set of parameters            Asymptotic Standard Error
=======================            ==========================
A               = 0.947017         +/- 0.0152       (1.605%)
B               = 0.115963         +/- 0.009655     (8.326%)

correlation matrix of the fit parameters:
                A      B      
A               1.000 
B              -0.707  1.000 


*******************************************************************************
Wed Jan 19 14:55:31 2022


FIT:    data read from "71kfidT1_merge.txt" u 2:((2540.66407832592-$3)/2540.66407832592)
        format = x:z
        #datapoints = 22
        residuals are weighted equally (unit weight)

function used for fitting: h(x)
	h(x) = E*exp(-(x/F)**G)
fitted parameters initialized with current variable values

iter      chisq       delta/lim  lambda   E             F             G            
   0 2.7539118468e+00   0.00e+00  1.46e-01    1.000000e+00   1.000000e-02   5.000000e-01
  72 2.8241990721e-02  -9.60e-01  1.46e-06    1.193962e+00   2.705120e-01   3.111264e-01

After 72 iterations the fit converged.
final sum of squares of residuals : 0.028242
rel. change during last iteration : -9.59664e-06

degrees of freedom    (FIT_NDF)                        : 19
rms of residuals      (FIT_STDFIT) = sqrt(WSSR/ndf)    : 0.0385541
variance of residuals (reduced chisquare) = WSSR/ndf   : 0.00148642

Final set of parameters            Asymptotic Standard Error
=======================            ==========================
E               = 1.19396          +/- 0.09819      (8.224%)
F               = 0.270512         +/- 0.09056      (33.48%)
G               = 0.311126         +/- 0.0363       (11.67%)

correlation matrix of the fit parameters:
                E      F      G      
E               1.000 
F              -0.972  1.000 
G              -0.942  0.914  1.000 


*******************************************************************************
Wed Jan 19 14:56:26 2022


FIT:    data read from "71kfidT1_merge.txt" u 2:((2540.66407832592-$3)/2540.66407832592)
        format = x:z
        x range restricted to [0.00200000 : 0.0500000]
        #datapoints = 7
        residuals are weighted equally (unit weight)

function used for fitting: f(x)
	f(x) = A*exp(-x/B)
fitted parameters initialized with current variable values

iter      chisq       delta/lim  lambda   A             B            
   0 1.0325873058e-02   0.00e+00  6.05e-01    1.000000e+00   1.000000e-01
   4 2.9540136522e-03  -7.24e-01  6.05e-05    9.470170e-01   1.159634e-01

After 4 iterations the fit converged.
final sum of squares of residuals : 0.00295401
rel. change during last iteration : -7.23535e-06

degrees of freedom    (FIT_NDF)                        : 5
rms of residuals      (FIT_STDFIT) = sqrt(WSSR/ndf)    : 0.0243064
variance of residuals (reduced chisquare) = WSSR/ndf   : 0.000590803

Final set of parameters            Asymptotic Standard Error
=======================            ==========================
A               = 0.947017         +/- 0.0152       (1.605%)
B               = 0.115963         +/- 0.009655     (8.326%)

correlation matrix of the fit parameters:
                A      B      
A               1.000 
B              -0.707  1.000 


*******************************************************************************
Wed Jan 19 14:56:26 2022


FIT:    data read from "71kfidT1_merge.txt" u 2:((2540.66407832592-$3)/2540.66407832592)
        format = x:z
        #datapoints = 22
        residuals are weighted equally (unit weight)

function used for fitting: h(x)
	h(x) = E*exp(-(x/F)**G)
fitted parameters initialized with current variable values

iter      chisq       delta/lim  lambda   E             F             G            
   0 2.7539118468e+00   0.00e+00  1.46e-01    1.000000e+00   1.000000e-02   5.000000e-01
  72 2.8241990721e-02  -9.60e-01  1.46e-06    1.193962e+00   2.705120e-01   3.111264e-01

After 72 iterations the fit converged.
final sum of squares of residuals : 0.028242
rel. change during last iteration : -9.59664e-06

degrees of freedom    (FIT_NDF)                        : 19
rms of residuals      (FIT_STDFIT) = sqrt(WSSR/ndf)    : 0.0385541
variance of residuals (reduced chisquare) = WSSR/ndf   : 0.00148642

Final set of parameters            Asymptotic Standard Error
=======================            ==========================
E               = 1.19396          +/- 0.09819      (8.224%)
F               = 0.270512         +/- 0.09056      (33.48%)
G               = 0.311126         +/- 0.0363       (11.67%)

correlation matrix of the fit parameters:
                E      F      G      
E               1.000 
F              -0.972  1.000 
G              -0.942  0.914  1.000 
